Determining if the pthread_create exist failed with the following output:
Change Dir: /var/www/html/Nominatim-master/build/CMakeFiles/CMakeTmp

Run Build Command:"/usr/bin/make" "cmTC_82ad5/fast"
/usr/bin/make -f CMakeFiles/cmTC_82ad5.dir/build.make CMakeFiles/cmTC_82ad5.dir/build
make[1] : on entre dans le répertoire « /var/www/html/Nominatim-master/build/CMakeFiles/CMakeTmp »
Building C object CMakeFiles/cmTC_82ad5.dir/CheckSymbolExists.c.o
/usr/bin/cc     -o CMakeFiles/cmTC_82ad5.dir/CheckSymbolExists.c.o   -c /var/www/html/Nominatim-master/build/CMakeFiles/CMakeTmp/CheckSymbolExists.c
Linking C executable cmTC_82ad5
/usr/bin/cmake -E cmake_link_script CMakeFiles/cmTC_82ad5.dir/link.txt --verbose=1
/usr/bin/cc       CMakeFiles/cmTC_82ad5.dir/CheckSymbolExists.c.o  -o cmTC_82ad5 -rdynamic 
CMakeFiles/cmTC_82ad5.dir/CheckSymbolExists.c.o: dans la fonction « main »:
CheckSymbolExists.c:(.text+0x16): référence indéfinie vers « pthread_create »
collect2: error: ld returned 1 exit status
CMakeFiles/cmTC_82ad5.dir/build.make:97 : la recette pour la cible « cmTC_82ad5 » a échouée
make[1]: *** [cmTC_82ad5] Erreur 1
make[1] : on quitte le répertoire « /var/www/html/Nominatim-master/build/CMakeFiles/CMakeTmp »
Makefile:126 : la recette pour la cible « cmTC_82ad5/fast » a échouée
make: *** [cmTC_82ad5/fast] Erreur 2

File /var/www/html/Nominatim-master/build/CMakeFiles/CMakeTmp/CheckSymbolExists.c:
/* */
#include <pthread.h>

int main(int argc, char** argv)
{
  (void)argv;
#ifndef pthread_create
  return ((int*)(&pthread_create))[argc];
#else
  (void)argc;
  return 0;
#endif
}

Determining if the function pthread_create exists in the pthreads failed with the following output:
Change Dir: /var/www/html/Nominatim-master/build/CMakeFiles/CMakeTmp

Run Build Command:"/usr/bin/make" "cmTC_0410a/fast"
/usr/bin/make -f CMakeFiles/cmTC_0410a.dir/build.make CMakeFiles/cmTC_0410a.dir/build
make[1] : on entre dans le répertoire « /var/www/html/Nominatim-master/build/CMakeFiles/CMakeTmp »
Building C object CMakeFiles/cmTC_0410a.dir/CheckFunctionExists.c.o
/usr/bin/cc    -DCHECK_FUNCTION_EXISTS=pthread_create   -o CMakeFiles/cmTC_0410a.dir/CheckFunctionExists.c.o   -c /usr/share/cmake-3.5/Modules/CheckFunctionExists.c
Linking C executable cmTC_0410a
/usr/bin/cmake -E cmake_link_script CMakeFiles/cmTC_0410a.dir/link.txt --verbose=1
/usr/bin/cc   -DCHECK_FUNCTION_EXISTS=pthread_create    CMakeFiles/cmTC_0410a.dir/CheckFunctionExists.c.o  -o cmTC_0410a -rdynamic -lpthreads 
/usr/bin/ld : ne peut trouver -lpthreads
collect2: error: ld returned 1 exit status
CMakeFiles/cmTC_0410a.dir/build.make:97 : la recette pour la cible « cmTC_0410a » a échouée
make[1]: *** [cmTC_0410a] Erreur 1
make[1] : on quitte le répertoire « /var/www/html/Nominatim-master/build/CMakeFiles/CMakeTmp »
Makefile:126 : la recette pour la cible « cmTC_0410a/fast » a échouée
make: *** [cmTC_0410a/fast] Erreur 2


